2026-04-01 15:28:39,944 - model_building - DEBUG - Parameters retrieved from params.yaml
2026-04-01 15:28:39,988 - model_building - DEBUG - Data loaded from ./data/processed/train_tfidf.csv with shape (4152, 36)
2026-04-01 15:28:39,991 - model_building - DEBUG - Initializing RandomForest model with parameters: {'n_estimators': 22, 'random_state': 2}
2026-04-01 15:28:39,991 - model_building - DEBUG - Model training started with 4152 samples
2026-04-01 15:28:40,094 - model_building - DEBUG - Model training completed
2026-04-01 15:28:40,100 - model_building - DEBUG - Model saved to models/model.pkl
2026-04-01 16:22:43,805 - model_building - DEBUG - Parameters retrieved from params.yaml
2026-04-01 16:22:43,819 - model_building - DEBUG - Data loaded from ./data/processed/train_tfidf.csv with shape (3907, 36)
2026-04-01 16:22:43,820 - model_building - DEBUG - Initializing RandomForest model with parameters: {'n_estimators': 22, 'random_state': 2}
2026-04-01 16:22:43,821 - model_building - DEBUG - Model training started with 3907 samples
2026-04-01 16:22:43,901 - model_building - DEBUG - Model training completed
2026-04-01 16:22:43,906 - model_building - DEBUG - Model saved to models/model.pkl
2026-04-01 16:23:29,310 - model_building - DEBUG - Parameters retrieved from params.yaml
2026-04-01 16:23:29,337 - model_building - DEBUG - Data loaded from ./data/processed/train_tfidf.csv with shape (3907, 36)
2026-04-01 16:23:29,339 - model_building - DEBUG - Initializing RandomForest model with parameters: {'n_estimators': 22, 'random_state': 2}
2026-04-01 16:23:29,340 - model_building - DEBUG - Model training started with 3907 samples
2026-04-01 16:23:29,475 - model_building - DEBUG - Model training completed
2026-04-01 16:23:29,480 - model_building - DEBUG - Model saved to models/model.pkl
2026-04-01 17:16:53,710 - model_building - DEBUG - Parameters retrieved from params.yaml
2026-04-01 17:16:53,727 - model_building - DEBUG - Data loaded from ./data/processed/train_tfidf.csv with shape (4152, 31)
2026-04-01 17:16:53,729 - model_building - DEBUG - Initializing RandomForest model with parameters: {'n_estimators': 20, 'random_state': 42}
2026-04-01 17:16:53,729 - model_building - DEBUG - Model training started with 4152 samples
2026-04-01 17:16:53,831 - model_building - DEBUG - Model training completed
2026-04-01 17:16:53,834 - model_building - DEBUG - Model saved to models/model.pkl
2026-04-01 21:30:37,856 - model_building - DEBUG - Parameters retrieved from params.yaml
2026-04-01 21:30:37,868 - model_building - DEBUG - Data loaded from ./data/processed/train_tfidf.csv with shape (3907, 24)
2026-04-01 21:30:37,872 - model_building - DEBUG - Initializing RandomForest model with parameters: {'n_estimators': 25, 'random_state': 42}
2026-04-01 21:30:37,873 - model_building - DEBUG - Model training started with 3907 samples
2026-04-01 21:30:37,978 - model_building - DEBUG - Model training completed
2026-04-01 21:30:37,990 - model_building - DEBUG - Model saved to models/model.pkl
2026-04-01 21:35:29,790 - model_building - DEBUG - Parameters retrieved from params.yaml
2026-04-01 21:35:29,808 - model_building - DEBUG - Data loaded from ./data/processed/train_tfidf.csv with shape (4152, 29)
2026-04-01 21:35:29,812 - model_building - DEBUG - Initializing RandomForest model with parameters: {'n_estimators': 21, 'random_state': 42}
2026-04-01 21:35:29,813 - model_building - DEBUG - Model training started with 4152 samples
2026-04-01 21:35:29,933 - model_building - DEBUG - Model training completed
2026-04-01 21:35:29,939 - model_building - DEBUG - Model saved to models/model.pkl
